<?xml version="1.0" encoding="UTF-8"?>
<testng-results skipped="0" failed="0" ignored="0" total="1" passed="1">
  <reporter-output>
    <line>
      <![CDATA[ Demo Report...]]>
    </line>
  </reporter-output>
  <suite name="Suite" duration-ms="109" started-at="2019-01-28T17:00:31Z" finished-at="2019-01-28T17:00:31Z">
    <groups>
    </groups>
    <test name="DemoTest" duration-ms="109" started-at="2019-01-28T17:00:31Z" finished-at="2019-01-28T17:00:31Z">
      <class name="TestNG.DemoTest">
        <test-method status="PASS" signature="Paramtr(java.lang.String, java.lang.String)[pri:0, instance:TestNG.DemoTest@1786dec2]" name="Paramtr" is-config="true" duration-ms="39" started-at="2019-01-28T17:00:31Z" finished-at="2019-01-28T17:00:31Z">
          <params>
            <param index="0">
              <value>
                <![CDATA[chrome]]>
              </value>
            </param>
            <param index="1">
              <value>
                <![CDATA[http://ankit:8080/login.do]]>
              </value>
            </param>
          </params>
          <reporter-output>
            <line>
              <![CDATA[ Demo Report...]]>
            </line>
          </reporter-output>
        </test-method> <!-- Paramtr -->
        <test-method status="PASS" signature="TestDemo()[pri:0, instance:TestNG.DemoTest@1786dec2]" name="TestDemo" duration-ms="24" started-at="2019-01-28T17:00:31Z" finished-at="2019-01-28T17:00:31Z">
          <reporter-output>
          </reporter-output>
        </test-method> <!-- TestDemo -->
      </class> <!-- TestNG.DemoTest -->
    </test> <!-- DemoTest -->
  </suite> <!-- Suite -->
</testng-results>
