<?xml version="1.0" encoding="UTF-8"?>
<!-- Generated by org.testng.reporters.JUnitXMLReporter -->
<testsuite hostname="ANKIT" ignored="0" name="Test" tests="1" failures="0" timestamp="28 Jan 2019 16:24:01 GMT" time="0.112" errors="0">
  <testcase name="@BeforeTest Paramtr" time="0.0" classname="TestNG.DemoTest">
    <failure type="org.testng.TestNGException" message="
Can inject only one of &amp;lt;ITestContext, XmlTest&amp;gt; into a @BeforeTest annotated Paramtr.
For more information on native dependency injection please refer to http://testng.org/doc/documentation-main.html#native-dependency-injection">
      <![CDATA[org.testng.TestNGException: 
Can inject only one of <ITestContext, XmlTest> into a @BeforeTest annotated Paramtr.
For more information on native dependency injection please refer to http://testng.org/doc/documentation-main.html#native-dependency-injection
... Removed 21 stack frames]]>
    </failure>
  </testcase> <!-- @BeforeTest Paramtr -->
  <testcase name="TestDemo" time="0.0" classname="TestNG.DemoTest">
    <skipped/>
  </testcase> <!-- TestDemo -->
</testsuite> <!-- Test -->
